***  Installation Started 02/17/2012 12:50  ***
Title: Eyegaze Edge Development Software
Source: C:\Users\IIT\Desktop\EdgeDev_2012_02_15.exe
Made Dir: C:\Eyegaze
Made Dir: C:\Eyegaze\BackUpFeb_15_2012
Made Dir: C:\Eyegaze\BackUpFeb_15_2012\VisualStudio
Made Dir: C:\Eyegaze\BackUpFeb_15_2012\Doc
File Copy: C:\Eyegaze\UNWISE.EXE
RegDB Key: Software\Microsoft\Windows\CurrentVersion\Uninstall\Eyegaze Edge Development Software
RegDB Val: Eyegaze Edge Development Software
RegDB Name: DisplayName
RegDB Root: 2
RegDB Key: Software\Microsoft\Windows\CurrentVersion\Uninstall\Eyegaze Edge Development Software
RegDB Val: C:\Eyegaze\UNWISE.EXE C:\Eyegaze\INSTALL.LOG
RegDB Name: UninstallString
RegDB Root: 2
File Copy: C:\Eyegaze\clientimages.h
Made Dir: C:\Eyegaze\Doc
File Copy: C:\Eyegaze\Doc\DevelopmentSystemSubjectSetup.pdf
File Copy: C:\Eyegaze\Doc\DevelopmentSystemUsersManual.pdf
File Copy: C:\Eyegaze\Doc\DevelopmentSystemProgrammersManual.pdf
File Copy: C:\Eyegaze\Doc\DevelopmentSystemInstallationManual.pdf
File Copy: C:\Eyegaze\Doc\Eyegaze Trace Program User's Guide.pdf
File Copy: C:\Eyegaze\trace.rc
File Copy: C:\Eyegaze\trace.res
File Copy: C:\Eyegaze\winser.c
File Copy: C:\Eyegaze\winsupt.c
File Copy: C:\Eyegaze\Calibrate.exe
File Copy: C:\Eyegaze\CalibStart.wav
File Copy: C:\Eyegaze\EgClient.dll
File Copy: C:\Eyegaze\EgClient.lib
File Copy: C:\Eyegaze\egclientdemo.c
File Copy: C:\Eyegaze\EgClientDemo.dsp
File Copy: C:\Eyegaze\EgClientDemo.h
File Copy: C:\Eyegaze\EgClientDemo.rc
File Copy: C:\Eyegaze\EgErrorMessage.h
File Copy: C:\Eyegaze\egfileio.dll
File Copy: C:\Eyegaze\egserver.c
File Copy: C:\Eyegaze\EgServer.dsp
File Copy: C:\Eyegaze\EgServer.h
File Copy: C:\Eyegaze\EgServer.rc
File Copy: C:\Eyegaze\EGSettings.exe
File Copy: C:\Eyegaze\EgWin.h
File Copy: C:\Eyegaze\eyegaze.dsw
File Copy: C:\Eyegaze\fixfunc.c
File Copy: C:\Eyegaze\fixfunc.h
File Copy: C:\Eyegaze\gazedemo.c
File Copy: C:\Eyegaze\GazeDemo.dsp
File Copy: C:\Eyegaze\igutil.h
File Copy: C:\Eyegaze\lctascii.h
File Copy: C:\Eyegaze\EgConfig.h
File Overwrite: C:\Eyegaze\lctascii.h
Backup Copy: C:\Eyegaze\BackUpFeb_15_2012\lctascii.h
File Copy: C:\Eyegaze\lctcalib.h
File Copy: C:\Eyegaze\lctcolor.h
File Copy: C:\Eyegaze\lctfont.h
File Copy: C:\Eyegaze\lctigaze.dll
File Copy: C:\Eyegaze\lctigaze.lib
File Copy: C:\Eyegaze\lctigaze.full.dll
File Copy: C:\Eyegaze\lctigaze.full.lib
File Copy: C:\Eyegaze\lctigaze.sim.dll
File Copy: C:\Eyegaze\lctigaze.sim.lib
File Copy: C:\Eyegaze\sim.bat
File Copy: C:\Eyegaze\full.bat
File Copy: C:\Eyegaze\LctVisionMIL.dll
File Copy: C:\Eyegaze\LctVision.dll
File Copy: C:\Eyegaze\fgcamera.dll
File Copy: C:\Eyegaze\license.txt
Made Dir: C:\Eyegaze\GuppyDriver
File Copy: C:\Eyegaze\GuppyDriver\firedrv.cat
File Copy: C:\Eyegaze\GuppyDriver\FIREDRV.INF
File Copy: C:\Eyegaze\GuppyDriver\firedrv.sys
File Copy: C:\Eyegaze\GuppyDriver\SvcInst.exe
Made Dir: C:\Eyegaze\GuppyDriver\amd64
File Copy: C:\Eyegaze\GuppyDriver\amd64\firedrv.cat
File Copy: C:\Eyegaze\GuppyDriver\amd64\FIREDRV.INF
File Copy: C:\Eyegaze\GuppyDriver\amd64\firedrv.sys
File Copy: C:\Eyegaze\GuppyDriver\amd64\SvcInst.exe
File Copy: C:\Eyegaze\GuppyDriver\amd64\SvcInst.exe.manifest
Made Dir: C:\Eyegaze\GuppyDriver\WDM
File Copy: C:\Eyegaze\GuppyDriver\WDM\firedrv.cat
File Copy: C:\Eyegaze\GuppyDriver\WDM\firedrv.inf
File Copy: C:\Eyegaze\GuppyDriver\WDM\firedrv.sys
File Copy: C:\Eyegaze\GuppyDriver\WDM\SvcInst.exe
Made Dir: C:\Eyegaze\GuppyDriver\WDM\2.8.0.4
File Copy: C:\Eyegaze\GuppyDriver\WDM\2.8.0.4\firedrv.cat
File Copy: C:\Eyegaze\GuppyDriver\WDM\2.8.0.4\firedrv.inf
File Copy: C:\Eyegaze\GuppyDriver\WDM\2.8.0.4\firedrv.sys
File Copy: C:\Eyegaze\GuppyDriver\WDM\2.8.0.4\SvcInst.exe
Made Dir: C:\Eyegaze\GuppyDriver\WDM\2.9.0.1
File Copy: C:\Eyegaze\GuppyDriver\WDM\2.9.0.1\firedrv.cat
File Copy: C:\Eyegaze\GuppyDriver\WDM\2.9.0.1\firedrv.inf
File Copy: C:\Eyegaze\GuppyDriver\WDM\2.9.0.1\firedrv.sys
File Copy: C:\Eyegaze\GuppyDriver\WDM\2.9.0.1\SvcInst.exe
File Copy: C:\Eyegaze\lctutil.dll
File Copy: C:\Eyegaze\lctutil.lib
File Copy: C:\Eyegaze\lctkeys.h
File Copy: C:\Eyegaze\lctsupt.h
File Copy: C:\Eyegaze\lctypdef.h
File Copy: C:\Eyegaze\sigmsf.h
File Copy: C:\Eyegaze\stdafx.h
File Copy: C:\Eyegaze\suprt2pc.h
File Copy: C:\Eyegaze\trace.c
File Copy: C:\Eyegaze\trace.dsp
File Copy: C:\Eyegaze\Trace.h
File Copy: C:\Eyegaze\LCTWin.h
File Copy: C:\Eyegaze\lcttimer.h
File Copy: C:\Eyegaze\gazevergence.h
File Copy: C:\Eyegaze\PulserGain.txt
File Copy: C:\Eyegaze\EgCameraImageOverlap.exe
File Copy: C:\Eyegaze\EgCameraImageOverlap.dat
File Copy: C:\Eyegaze\EgClientDemo.exe
File Copy: C:\Eyegaze\EgServer.exe
File Copy: C:\Eyegaze\GazeDemo.exe
File Copy: C:\Eyegaze\trace.exe
Made Dir: C:\Eyegaze\VisualStudio
File Copy: C:\Eyegaze\VisualStudio\EgClientDemo.dsp
File Copy: C:\Eyegaze\VisualStudio\EgClientDemo.vcproj
File Copy: C:\Eyegaze\VisualStudio\EgServer.dsp
File Copy: C:\Eyegaze\VisualStudio\EgServer.vcproj
File Copy: C:\Eyegaze\VisualStudio\eyegaze.dsw
File Copy: C:\Eyegaze\VisualStudio\eyegaze.ncb
File Copy: C:\Eyegaze\VisualStudio\eyegaze.sln
File Copy: C:\Eyegaze\VisualStudio\GazeDemo.dsp
File Copy: C:\Eyegaze\VisualStudio\GazeDemo.vcproj
File Copy: C:\Eyegaze\VisualStudio\trace.dsp
File Copy: C:\Eyegaze\VisualStudio\trace.vcproj
File Copy: C:\Eyegaze\efcomm.dll
File Copy: C:\Eyegaze\facefinder.dll
File Copy: C:\Eyegaze\slabhiddevice.dll
File Copy: C:\Eyegaze\NominalCal.dat
File Copy: C:\Eyegaze\LicenseInfo.exe
File Copy: C:\Windows\System32\FaceItLocate.dll
File Copy: C:\Windows\System32\FaceItMedia.dll
File Copy: C:\Windows\System32\FaceItRenderer.ax
File Copy: C:\Windows\System32\IdentixLicense.INI
Made Dir: C:\Eyegaze\EgSettings
File Copy: C:\Eyegaze\EgSettings\Settings_US.eg
File Copy: C:\Eyegaze\Is64.exe
