2010-12-06 12:07:21 : Updating system using package "Optotrak System Package" started
2010-12-06 13:07:02 : Updating system using package "Optotrak System Package" complete
2010-12-06 13:13:10 : Updating system using package "Optotrak Feature Key" started
2010-12-06 13:13:24 : Updating system using package "Optotrak Feature Key" complete
2011-05-12 11:47:24 : Updating system using package "Optotrak System Package" started
2011-05-12 11:53:29 : Updating system using package "Optotrak System Package" complete
2011-05-18 15:21:28 : Updating system using package "Optotrak Data Acquisition Unit" started
2011-05-18 15:24:02 : Updating system using package "Optotrak Data Acquisition Unit" complete
2011-11-01 15:32:01 : Updating system using package "Optotrak System Package" started
2011-11-01 15:35:20 : Updating system using package "Optotrak System Package" complete
2012-04-30 10:57:44 : Updating system using package "Optotrak System Package" started
2012-04-30 11:00:51 : Updating system using package "Optotrak System Package" complete
2013-10-31 13:18:24 : Updating system using package "Optotrak System Package" started
2013-10-31 13:30:20 : Updating system using package "Optotrak System Package" complete
2014-05-26 15:06:21 : Updating system using package "Camera C3-04711TL Camera Parameters" started
2014-05-26 15:06:39 : Updating system using package "Camera C3-04711TL Camera Parameters" complete
2014-05-28 11:06:37 : Updating system using package "Optotrak System Package" started
2014-05-28 11:09:33 : Updating system using package "Optotrak System Package" complete
2014-07-04 12:05:49 : Updating system using package "Optotrak System Package" started
2014-07-04 12:08:49 : Updating system using package "Optotrak System Package" complete
2014-07-04 12:39:16 : Updating system using package "Optotrak System Package" started
2014-07-04 12:59:18 : Updating system using package "Optotrak System Package" started
2014-07-04 13:05:43 : Updating system using package "Optotrak System Package" complete
2014-08-21 10:56:48 : Updating system using package "Optotrak System Package" started
2014-08-21 11:12:39 : Updating system using package "Optotrak System Package" complete
2014-08-21 11:16:06 : Updating system using package "Optotrak System Package" started
2014-08-21 11:24:18 : Updating system using package "Optotrak System Package" complete
